  Determining projects to restore...
  All projects are up-to-date for restore.
D:\CIE 206\Project\Car-Agency-Management\Models\DB.cs(556,64): warning CS8625: Cannot convert null literal to non-nullable reference type. [D:\CIE 206\Project\Car-Agency-Management\Car-Agency-Management.csproj]
D:\CIE 206\Project\Car-Agency-Management\Models\DB.cs(750,56): warning CS8625: Cannot convert null literal to non-nullable reference type. [D:\CIE 206\Project\Car-Agency-Management\Car-Agency-Management.csproj]
D:\CIE 206\Project\Car-Agency-Management\Models\DB.cs(2214,23): warning CS8618: Non-nullable property 'CarTitle' must contain a non-null value when exiting constructor. Consider adding the 'required' modifier or declaring the property as nullable. [D:\CIE 206\Project\Car-Agency-Management\Car-Agency-Management.csproj]
D:\CIE 206\Project\Car-Agency-Management\Models\DB.cs(2215,23): warning CS8618: Non-nullable property 'Method' must contain a non-null value when exiting constructor. Consider adding the 'required' modifier or declaring the property as nullable. [D:\CIE 206\Project\Car-Agency-Management\Car-Agency-Management.csproj]
D:\CIE 206\Project\Car-Agency-Management\Models\DB.cs(2216,23): warning CS8618: Non-nullable property 'Amount' must contain a non-null value when exiting constructor. Consider adding the 'required' modifier or declaring the property as nullable. [D:\CIE 206\Project\Car-Agency-Management\Car-Agency-Management.csproj]
D:\CIE 206\Project\Car-Agency-Management\Models\DB.cs(2217,23): warning CS8618: Non-nullable property 'Date' must contain a non-null value when exiting constructor. Consider adding the 'required' modifier or declaring the property as nullable. [D:\CIE 206\Project\Car-Agency-Management\Car-Agency-Management.csproj]
D:\CIE 206\Project\Car-Agency-Management\Models\DB.cs(2206,23): warning CS8618: Non-nullable property 'FirstName' must contain a non-null value when exiting constructor. Consider adding the 'required' modifier or declaring the property as nullable. [D:\CIE 206\Project\Car-Agency-Management\Car-Agency-Management.csproj]
D:\CIE 206\Project\Car-Agency-Management\Models\DB.cs(2207,23): warning CS8618: Non-nullable property 'LastName' must contain a non-null value when exiting constructor. Consider adding the 'required' modifier or declaring the property as nullable. [D:\CIE 206\Project\Car-Agency-Management\Car-Agency-Management.csproj]
D:\CIE 206\Project\Car-Agency-Management\Models\DB.cs(2208,23): warning CS8618: Non-nullable property 'Email' must contain a non-null value when exiting constructor. Consider adding the 'required' modifier or declaring the property as nullable. [D:\CIE 206\Project\Car-Agency-Management\Car-Agency-Management.csproj]
D:\CIE 206\Project\Car-Agency-Management\Models\DB.cs(2209,23): warning CS8618: Non-nullable property 'Address' must contain a non-null value when exiting constructor. Consider adding the 'required' modifier or declaring the property as nullable. [D:\CIE 206\Project\Car-Agency-Management\Car-Agency-Management.csproj]
D:\CIE 206\Project\Car-Agency-Management\Pages\Car-gallery.cshtml.cs(26,16): warning CS8618: Non-nullable property 'SelectedBrand' must contain a non-null value when exiting constructor. Consider adding the 'required' modifier or declaring the property as nullable. [D:\CIE 206\Project\Car-Agency-Management\Car-Agency-Management.csproj]
D:\CIE 206\Project\Car-Agency-Management\Pages\Car-gallery.cshtml.cs(117,29): warning CS8625: Cannot convert null literal to non-nullable reference type. [D:\CIE 206\Project\Car-Agency-Management\Car-Agency-Management.csproj]
D:\CIE 206\Project\Car-Agency-Management\Models\DB.cs(106,33): warning CS8601: Possible null reference assignment. [D:\CIE 206\Project\Car-Agency-Management\Car-Agency-Management.csproj]
D:\CIE 206\Project\Car-Agency-Management\Models\DB.cs(107,32): warning CS8601: Possible null reference assignment. [D:\CIE 206\Project\Car-Agency-Management\Car-Agency-Management.csproj]
D:\CIE 206\Project\Car-Agency-Management\Models\DB.cs(108,33): warning CS8601: Possible null reference assignment. [D:\CIE 206\Project\Car-Agency-Management\Car-Agency-Management.csproj]
D:\CIE 206\Project\Car-Agency-Management\Models\DB.cs(109,32): warning CS8601: Possible null reference assignment. [D:\CIE 206\Project\Car-Agency-Management\Car-Agency-Management.csproj]
D:\CIE 206\Project\Car-Agency-Management\Models\DB.cs(110,33): warning CS8601: Possible null reference assignment. [D:\CIE 206\Project\Car-Agency-Management\Car-Agency-Management.csproj]
D:\CIE 206\Project\Car-Agency-Management\Models\DB.cs(111,33): warning CS8601: Possible null reference assignment. [D:\CIE 206\Project\Car-Agency-Management\Car-Agency-Management.csproj]
D:\CIE 206\Project\Car-Agency-Management\Models\DB.cs(113,40): warning CS8601: Possible null reference assignment. [D:\CIE 206\Project\Car-Agency-Management\Car-Agency-Management.csproj]
D:\CIE 206\Project\Car-Agency-Management\Models\DB.cs(114,36): warning CS8601: Possible null reference assignment. [D:\CIE 206\Project\Car-Agency-Management\Car-Agency-Management.csproj]
D:\CIE 206\Project\Car-Agency-Management\Models\DB.cs(115,38): warning CS8601: Possible null reference assignment. [D:\CIE 206\Project\Car-Agency-Management\Car-Agency-Management.csproj]
D:\CIE 206\Project\Car-Agency-Management\Models\DB.cs(116,46): warning CS8601: Possible null reference assignment. [D:\CIE 206\Project\Car-Agency-Management\Car-Agency-Management.csproj]
D:\CIE 206\Project\Car-Agency-Management\Pages\ContactUs.cshtml.cs(17,16): warning CS8618: Non-nullable property 'Message' must contain a non-null value when exiting constructor. Consider adding the 'required' modifier or declaring the property as nullable. [D:\CIE 206\Project\Car-Agency-Management\Car-Agency-Management.csproj]
D:\CIE 206\Project\Car-Agency-Management\Pages\ContactUs.cshtml.cs(17,16): warning CS8618: Non-nullable property 'SuccessMessage' must contain a non-null value when exiting constructor. Consider adding the 'required' modifier or declaring the property as nullable. [D:\CIE 206\Project\Car-Agency-Management\Car-Agency-Management.csproj]
D:\CIE 206\Project\Car-Agency-Management\Pages\DebugUsers.cshtml.cs(12,27): warning CS8618: Non-nullable property 'Id' must contain a non-null value when exiting constructor. Consider adding the 'required' modifier or declaring the property as nullable. [D:\CIE 206\Project\Car-Agency-Management\Car-Agency-Management.csproj]
D:\CIE 206\Project\Car-Agency-Management\Pages\DebugUsers.cshtml.cs(13,27): warning CS8618: Non-nullable property 'Email' must contain a non-null value when exiting constructor. Consider adding the 'required' modifier or declaring the property as nullable. [D:\CIE 206\Project\Car-Agency-Management\Car-Agency-Management.csproj]
D:\CIE 206\Project\Car-Agency-Management\Pages\DebugUsers.cshtml.cs(14,27): warning CS8618: Non-nullable property 'Password' must contain a non-null value when exiting constructor. Consider adding the 'required' modifier or declaring the property as nullable. [D:\CIE 206\Project\Car-Agency-Management\Car-Agency-Management.csproj]
D:\CIE 206\Project\Car-Agency-Management\Pages\DebugUsers.cshtml.cs(36,42): warning CS8601: Possible null reference assignment. [D:\CIE 206\Project\Car-Agency-Management\Car-Agency-Management.csproj]
D:\CIE 206\Project\Car-Agency-Management\Pages\DebugUsers.cshtml.cs(37,45): warning CS8601: Possible null reference assignment. [D:\CIE 206\Project\Car-Agency-Management\Car-Agency-Management.csproj]
D:\CIE 206\Project\Car-Agency-Management\Pages\DebugUsers.cshtml.cs(38,48): warning CS8601: Possible null reference assignment. [D:\CIE 206\Project\Car-Agency-Management\Car-Agency-Management.csproj]
D:\CIE 206\Project\Car-Agency-Management\Pages\DebugUsers.cshtml.cs(45,30): warning CS0168: The variable 'ex' is declared but never used [D:\CIE 206\Project\Car-Agency-Management\Car-Agency-Management.csproj]
D:\CIE 206\Project\Car-Agency-Management\Models\DB.cs(179,33): warning CS8601: Possible null reference assignment. [D:\CIE 206\Project\Car-Agency-Management\Car-Agency-Management.csproj]
D:\CIE 206\Project\Car-Agency-Management\Models\DB.cs(180,32): warning CS8601: Possible null reference assignment. [D:\CIE 206\Project\Car-Agency-Management\Car-Agency-Management.csproj]
D:\CIE 206\Project\Car-Agency-Management\Models\DB.cs(181,33): warning CS8601: Possible null reference assignment. [D:\CIE 206\Project\Car-Agency-Management\Car-Agency-Management.csproj]
D:\CIE 206\Project\Car-Agency-Management\Models\DB.cs(182,32): warning CS8601: Possible null reference assignment. [D:\CIE 206\Project\Car-Agency-Management\Car-Agency-Management.csproj]
D:\CIE 206\Project\Car-Agency-Management\Models\DB.cs(183,33): warning CS8601: Possible null reference assignment. [D:\CIE 206\Project\Car-Agency-Management\Car-Agency-Management.csproj]
D:\CIE 206\Project\Car-Agency-Management\Models\DB.cs(184,33): warning CS8601: Possible null reference assignment. [D:\CIE 206\Project\Car-Agency-Management\Car-Agency-Management.csproj]
D:\CIE 206\Project\Car-Agency-Management\Models\DB.cs(185,40): warning CS8601: Possible null reference assignment. [D:\CIE 206\Project\Car-Agency-Management\Car-Agency-Management.csproj]
D:\CIE 206\Project\Car-Agency-Management\Models\DB.cs(186,36): warning CS8601: Possible null reference assignment. [D:\CIE 206\Project\Car-Agency-Management\Car-Agency-Management.csproj]
D:\CIE 206\Project\Car-Agency-Management\Models\DB.cs(187,38): warning CS8601: Possible null reference assignment. [D:\CIE 206\Project\Car-Agency-Management\Car-Agency-Management.csproj]
D:\CIE 206\Project\Car-Agency-Management\Models\DB.cs(188,46): warning CS8601: Possible null reference assignment. [D:\CIE 206\Project\Car-Agency-Management\Car-Agency-Management.csproj]
D:\CIE 206\Project\Car-Agency-Management\Models\DB.cs(236,37): warning CS8601: Possible null reference assignment. [D:\CIE 206\Project\Car-Agency-Management\Car-Agency-Management.csproj]
D:\CIE 206\Project\Car-Agency-Management\Models\DB.cs(237,35): warning CS8601: Possible null reference assignment. [D:\CIE 206\Project\Car-Agency-Management\Car-Agency-Management.csproj]
D:\CIE 206\Project\Car-Agency-Management\Pages\Profile.cshtml.cs(34,30): warning CS8618: Non-nullable property 'Customer' must contain a non-null value when exiting constructor. Consider adding the 'required' modifier or declaring the property as nullable. [D:\CIE 206\Project\Car-Agency-Management\Car-Agency-Management.csproj]
D:\CIE 206\Project\Car-Agency-Management\Pages\Profile.cshtml.cs(35,41): warning CS8618: Non-nullable property 'Transactions' must contain a non-null value when exiting constructor. Consider adding the 'required' modifier or declaring the property as nullable. [D:\CIE 206\Project\Car-Agency-Management\Car-Agency-Management.csproj]
D:\CIE 206\Project\Car-Agency-Management\Pages\Profile.cshtml.cs(62,23): warning CS8618: Non-nullable property 'InvoiceId' must contain a non-null value when exiting constructor. Consider adding the 'required' modifier or declaring the property as nullable. [D:\CIE 206\Project\Car-Agency-Management\Car-Agency-Management.csproj]
D:\CIE 206\Project\Car-Agency-Management\Pages\Profile.cshtml.cs(63,23): warning CS8618: Non-nullable property 'Service' must contain a non-null value when exiting constructor. Consider adding the 'required' modifier or declaring the property as nullable. [D:\CIE 206\Project\Car-Agency-Management\Car-Agency-Management.csproj]
D:\CIE 206\Project\Car-Agency-Management\Pages\Profile.cshtml.cs(65,23): warning CS8618: Non-nullable property 'Date' must contain a non-null value when exiting constructor. Consider adding the 'required' modifier or declaring the property as nullable. [D:\CIE 206\Project\Car-Agency-Management\Car-Agency-Management.csproj]
D:\CIE 206\Project\Car-Agency-Management\Pages\Profile.cshtml.cs(66,23): warning CS8618: Non-nullable property 'Status' must contain a non-null value when exiting constructor. Consider adding the 'required' modifier or declaring the property as nullable. [D:\CIE 206\Project\Car-Agency-Management\Car-Agency-Management.csproj]
D:\CIE 206\Project\Car-Agency-Management\Pages\Profile.cshtml.cs(18,27): warning CS8618: Non-nullable property 'InvoiceId' must contain a non-null value when exiting constructor. Consider adding the 'required' modifier or declaring the property as nullable. [D:\CIE 206\Project\Car-Agency-Management\Car-Agency-Management.csproj]
D:\CIE 206\Project\Car-Agency-Management\Pages\Profile.cshtml.cs(19,27): warning CS8618: Non-nullable property 'Service' must contain a non-null value when exiting constructor. Consider adding the 'required' modifier or declaring the property as nullable. [D:\CIE 206\Project\Car-Agency-Management\Car-Agency-Management.csproj]
D:\CIE 206\Project\Car-Agency-Management\Pages\Profile.cshtml.cs(21,27): warning CS8618: Non-nullable property 'Date' must contain a non-null value when exiting constructor. Consider adding the 'required' modifier or declaring the property as nullable. [D:\CIE 206\Project\Car-Agency-Management\Car-Agency-Management.csproj]
D:\CIE 206\Project\Car-Agency-Management\Pages\Profile.cshtml.cs(22,27): warning CS8618: Non-nullable property 'Status' must contain a non-null value when exiting constructor. Consider adding the 'required' modifier or declaring the property as nullable. [D:\CIE 206\Project\Car-Agency-Management\Car-Agency-Management.csproj]
D:\CIE 206\Project\Car-Agency-Management\Models\DB.cs(397,33): warning CS8601: Possible null reference assignment. [D:\CIE 206\Project\Car-Agency-Management\Car-Agency-Management.csproj]
D:\CIE 206\Project\Car-Agency-Management\Models\DB.cs(398,32): warning CS8601: Possible null reference assignment. [D:\CIE 206\Project\Car-Agency-Management\Car-Agency-Management.csproj]
D:\CIE 206\Project\Car-Agency-Management\Models\DB.cs(399,33): warning CS8601: Possible null reference assignment. [D:\CIE 206\Project\Car-Agency-Management\Car-Agency-Management.csproj]
D:\CIE 206\Project\Car-Agency-Management\Models\DB.cs(400,32): warning CS8601: Possible null reference assignment. [D:\CIE 206\Project\Car-Agency-Management\Car-Agency-Management.csproj]
D:\CIE 206\Project\Car-Agency-Management\Models\DB.cs(401,33): warning CS8601: Possible null reference assignment. [D:\CIE 206\Project\Car-Agency-Management\Car-Agency-Management.csproj]
D:\CIE 206\Project\Car-Agency-Management\Models\DB.cs(402,33): warning CS8601: Possible null reference assignment. [D:\CIE 206\Project\Car-Agency-Management\Car-Agency-Management.csproj]
D:\CIE 206\Project\Car-Agency-Management\Models\DB.cs(403,38): warning CS8601: Possible null reference assignment. [D:\CIE 206\Project\Car-Agency-Management\Car-Agency-Management.csproj]
D:\CIE 206\Project\Car-Agency-Management\Models\DB.cs(404,46): warning CS8601: Possible null reference assignment. [D:\CIE 206\Project\Car-Agency-Management\Car-Agency-Management.csproj]
D:\CIE 206\Project\Car-Agency-Management\Models\DB.cs(441,32): warning CS8604: Possible null reference argument for parameter 'key' in 'void Dictionary<string, int>.Add(string key, int value)'. [D:\CIE 206\Project\Car-Agency-Management\Car-Agency-Management.csproj]
D:\CIE 206\Project\Car-Agency-Management\Models\DB.cs(481,33): warning CS8601: Possible null reference assignment. [D:\CIE 206\Project\Car-Agency-Management\Car-Agency-Management.csproj]
D:\CIE 206\Project\Car-Agency-Management\Models\DB.cs(482,32): warning CS8601: Possible null reference assignment. [D:\CIE 206\Project\Car-Agency-Management\Car-Agency-Management.csproj]
D:\CIE 206\Project\Car-Agency-Management\Models\DB.cs(483,33): warning CS8601: Possible null reference assignment. [D:\CIE 206\Project\Car-Agency-Management\Car-Agency-Management.csproj]
D:\CIE 206\Project\Car-Agency-Management\Models\DB.cs(484,32): warning CS8601: Possible null reference assignment. [D:\CIE 206\Project\Car-Agency-Management\Car-Agency-Management.csproj]
D:\CIE 206\Project\Car-Agency-Management\Models\DB.cs(485,33): warning CS8601: Possible null reference assignment. [D:\CIE 206\Project\Car-Agency-Management\Car-Agency-Management.csproj]
D:\CIE 206\Project\Car-Agency-Management\Models\DB.cs(486,33): warning CS8601: Possible null reference assignment. [D:\CIE 206\Project\Car-Agency-Management\Car-Agency-Management.csproj]
D:\CIE 206\Project\Car-Agency-Management\Models\DB.cs(487,38): warning CS8601: Possible null reference assignment. [D:\CIE 206\Project\Car-Agency-Management\Car-Agency-Management.csproj]
D:\CIE 206\Project\Car-Agency-Management\Models\DB.cs(488,46): warning CS8601: Possible null reference assignment. [D:\CIE 206\Project\Car-Agency-Management\Car-Agency-Management.csproj]
D:\CIE 206\Project\Car-Agency-Management\Models\DB.cs(529,33): warning CS8601: Possible null reference assignment. [D:\CIE 206\Project\Car-Agency-Management\Car-Agency-Management.csproj]
D:\CIE 206\Project\Car-Agency-Management\Models\DB.cs(530,32): warning CS8601: Possible null reference assignment. [D:\CIE 206\Project\Car-Agency-Management\Car-Agency-Management.csproj]
D:\CIE 206\Project\Car-Agency-Management\Models\DB.cs(531,33): warning CS8601: Possible null reference assignment. [D:\CIE 206\Project\Car-Agency-Management\Car-Agency-Management.csproj]
D:\CIE 206\Project\Car-Agency-Management\Models\DB.cs(532,32): warning CS8601: Possible null reference assignment. [D:\CIE 206\Project\Car-Agency-Management\Car-Agency-Management.csproj]
D:\CIE 206\Project\Car-Agency-Management\Models\DB.cs(533,33): warning CS8601: Possible null reference assignment. [D:\CIE 206\Project\Car-Agency-Management\Car-Agency-Management.csproj]
D:\CIE 206\Project\Car-Agency-Management\Models\DB.cs(534,33): warning CS8601: Possible null reference assignment. [D:\CIE 206\Project\Car-Agency-Management\Car-Agency-Management.csproj]
D:\CIE 206\Project\Car-Agency-Management\Models\DB.cs(535,38): warning CS8601: Possible null reference assignment. [D:\CIE 206\Project\Car-Agency-Management\Car-Agency-Management.csproj]
D:\CIE 206\Project\Car-Agency-Management\Models\DB.cs(536,46): warning CS8601: Possible null reference assignment. [D:\CIE 206\Project\Car-Agency-Management\Car-Agency-Management.csproj]
D:\CIE 206\Project\Car-Agency-Management\Models\DB.cs(573,58): warning CS8600: Converting null literal or possible null value to non-nullable type. [D:\CIE 206\Project\Car-Agency-Management\Car-Agency-Management.csproj]
D:\CIE 206\Project\Car-Agency-Management\Models\DB.cs(574,58): warning CS8600: Converting null literal or possible null value to non-nullable type. [D:\CIE 206\Project\Car-Agency-Management\Car-Agency-Management.csproj]
D:\CIE 206\Project\Car-Agency-Management\Models\DB.cs(581,33): warning CS8601: Possible null reference assignment. [D:\CIE 206\Project\Car-Agency-Management\Car-Agency-Management.csproj]
D:\CIE 206\Project\Car-Agency-Management\Models\DB.cs(582,32): warning CS8601: Possible null reference assignment. [D:\CIE 206\Project\Car-Agency-Management\Car-Agency-Management.csproj]
D:\CIE 206\Project\Car-Agency-Management\Models\DB.cs(583,33): warning CS8601: Possible null reference assignment. [D:\CIE 206\Project\Car-Agency-Management\Car-Agency-Management.csproj]
D:\CIE 206\Project\Car-Agency-Management\Models\DB.cs(584,32): warning CS8601: Possible null reference assignment. [D:\CIE 206\Project\Car-Agency-Management\Car-Agency-Management.csproj]
D:\CIE 206\Project\Car-Agency-Management\Models\DB.cs(585,33): warning CS8601: Possible null reference assignment. [D:\CIE 206\Project\Car-Agency-Management\Car-Agency-Management.csproj]
D:\CIE 206\Project\Car-Agency-Management\Models\DB.cs(586,33): warning CS8601: Possible null reference assignment. [D:\CIE 206\Project\Car-Agency-Management\Car-Agency-Management.csproj]
D:\CIE 206\Project\Car-Agency-Management\Models\DB.cs(587,38): warning CS8601: Possible null reference assignment. [D:\CIE 206\Project\Car-Agency-Management\Car-Agency-Management.csproj]
D:\CIE 206\Project\Car-Agency-Management\Models\DB.cs(588,46): warning CS8601: Possible null reference assignment. [D:\CIE 206\Project\Car-Agency-Management\Car-Agency-Management.csproj]
D:\CIE 206\Project\Car-Agency-Management\Pages\Shared\_Layout.cshtml(257,10): error CS0103: The name 'media' does not exist in the current context [D:\CIE 206\Project\Car-Agency-Management\Car-Agency-Management.csproj]
D:\CIE 206\Project\Car-Agency-Management\Models\DB.cs(628,33): warning CS8601: Possible null reference assignment. [D:\CIE 206\Project\Car-Agency-Management\Car-Agency-Management.csproj]
D:\CIE 206\Project\Car-Agency-Management\Models\DB.cs(629,32): warning CS8601: Possible null reference assignment. [D:\CIE 206\Project\Car-Agency-Management\Car-Agency-Management.csproj]
D:\CIE 206\Project\Car-Agency-Management\Models\DB.cs(630,33): warning CS8601: Possible null reference assignment. [D:\CIE 206\Project\Car-Agency-Management\Car-Agency-Management.csproj]
D:\CIE 206\Project\Car-Agency-Management\Models\DB.cs(631,32): warning CS8601: Possible null reference assignment. [D:\CIE 206\Project\Car-Agency-Management\Car-Agency-Management.csproj]
D:\CIE 206\Project\Car-Agency-Management\Models\DB.cs(632,33): warning CS8601: Possible null reference assignment. [D:\CIE 206\Project\Car-Agency-Management\Car-Agency-Management.csproj]
D:\CIE 206\Project\Car-Agency-Management\Models\DB.cs(633,33): warning CS8601: Possible null reference assignment. [D:\CIE 206\Project\Car-Agency-Management\Car-Agency-Management.csproj]
D:\CIE 206\Project\Car-Agency-Management\Models\DB.cs(634,38): warning CS8601: Possible null reference assignment. [D:\CIE 206\Project\Car-Agency-Management\Car-Agency-Management.csproj]
D:\CIE 206\Project\Car-Agency-Management\Models\DB.cs(635,46): warning CS8601: Possible null reference assignment. [D:\CIE 206\Project\Car-Agency-Management\Car-Agency-Management.csproj]
D:\CIE 206\Project\Car-Agency-Management\Models\DB.cs(674,33): warning CS8601: Possible null reference assignment. [D:\CIE 206\Project\Car-Agency-Management\Car-Agency-Management.csproj]
D:\CIE 206\Project\Car-Agency-Management\Models\DB.cs(675,32): warning CS8601: Possible null reference assignment. [D:\CIE 206\Project\Car-Agency-Management\Car-Agency-Management.csproj]
D:\CIE 206\Project\Car-Agency-Management\Models\DB.cs(676,33): warning CS8601: Possible null reference assignment. [D:\CIE 206\Project\Car-Agency-Management\Car-Agency-Management.csproj]
D:\CIE 206\Project\Car-Agency-Management\Models\DB.cs(677,32): warning CS8601: Possible null reference assignment. [D:\CIE 206\Project\Car-Agency-Management\Car-Agency-Management.csproj]
D:\CIE 206\Project\Car-Agency-Management\Models\DB.cs(678,33): warning CS8601: Possible null reference assignment. [D:\CIE 206\Project\Car-Agency-Management\Car-Agency-Management.csproj]
D:\CIE 206\Project\Car-Agency-Management\Models\DB.cs(679,33): warning CS8601: Possible null reference assignment. [D:\CIE 206\Project\Car-Agency-Management\Car-Agency-Management.csproj]
D:\CIE 206\Project\Car-Agency-Management\Models\DB.cs(680,38): warning CS8601: Possible null reference assignment. [D:\CIE 206\Project\Car-Agency-Management\Car-Agency-Management.csproj]
D:\CIE 206\Project\Car-Agency-Management\Models\DB.cs(681,46): warning CS8601: Possible null reference assignment. [D:\CIE 206\Project\Car-Agency-Management\Car-Agency-Management.csproj]
D:\CIE 206\Project\Car-Agency-Management\Models\DB.cs(723,33): warning CS8601: Possible null reference assignment. [D:\CIE 206\Project\Car-Agency-Management\Car-Agency-Management.csproj]
D:\CIE 206\Project\Car-Agency-Management\Models\DB.cs(724,32): warning CS8601: Possible null reference assignment. [D:\CIE 206\Project\Car-Agency-Management\Car-Agency-Management.csproj]
D:\CIE 206\Project\Car-Agency-Management\Models\DB.cs(725,33): warning CS8601: Possible null reference assignment. [D:\CIE 206\Project\Car-Agency-Management\Car-Agency-Management.csproj]
D:\CIE 206\Project\Car-Agency-Management\Models\DB.cs(726,32): warning CS8601: Possible null reference assignment. [D:\CIE 206\Project\Car-Agency-Management\Car-Agency-Management.csproj]
D:\CIE 206\Project\Car-Agency-Management\Models\DB.cs(727,33): warning CS8601: Possible null reference assignment. [D:\CIE 206\Project\Car-Agency-Management\Car-Agency-Management.csproj]
D:\CIE 206\Project\Car-Agency-Management\Models\DB.cs(728,33): warning CS8601: Possible null reference assignment. [D:\CIE 206\Project\Car-Agency-Management\Car-Agency-Management.csproj]
D:\CIE 206\Project\Car-Agency-Management\Models\DB.cs(729,38): warning CS8601: Possible null reference assignment. [D:\CIE 206\Project\Car-Agency-Management\Car-Agency-Management.csproj]
D:\CIE 206\Project\Car-Agency-Management\Models\DB.cs(730,46): warning CS8601: Possible null reference assignment. [D:\CIE 206\Project\Car-Agency-Management\Car-Agency-Management.csproj]
D:\CIE 206\Project\Car-Agency-Management\Models\DB.cs(765,58): warning CS8600: Converting null literal or possible null value to non-nullable type. [D:\CIE 206\Project\Car-Agency-Management\Car-Agency-Management.csproj]
D:\CIE 206\Project\Car-Agency-Management\Models\DB.cs(766,58): warning CS8600: Converting null literal or possible null value to non-nullable type. [D:\CIE 206\Project\Car-Agency-Management\Car-Agency-Management.csproj]
D:\CIE 206\Project\Car-Agency-Management\Models\DB.cs(787,30): warning CS8600: Converting null literal or possible null value to non-nullable type. [D:\CIE 206\Project\Car-Agency-Management\Car-Agency-Management.csproj]
D:\CIE 206\Project\Car-Agency-Management\Models\DB.cs(804,33): warning CS8601: Possible null reference assignment. [D:\CIE 206\Project\Car-Agency-Management\Car-Agency-Management.csproj]
D:\CIE 206\Project\Car-Agency-Management\Models\DB.cs(805,32): warning CS8601: Possible null reference assignment. [D:\CIE 206\Project\Car-Agency-Management\Car-Agency-Management.csproj]
D:\CIE 206\Project\Car-Agency-Management\Models\DB.cs(806,33): warning CS8601: Possible null reference assignment. [D:\CIE 206\Project\Car-Agency-Management\Car-Agency-Management.csproj]
D:\CIE 206\Project\Car-Agency-Management\Models\DB.cs(807,32): warning CS8601: Possible null reference assignment. [D:\CIE 206\Project\Car-Agency-Management\Car-Agency-Management.csproj]
D:\CIE 206\Project\Car-Agency-Management\Models\DB.cs(808,33): warning CS8601: Possible null reference assignment. [D:\CIE 206\Project\Car-Agency-Management\Car-Agency-Management.csproj]
D:\CIE 206\Project\Car-Agency-Management\Models\DB.cs(809,33): warning CS8601: Possible null reference assignment. [D:\CIE 206\Project\Car-Agency-Management\Car-Agency-Management.csproj]
D:\CIE 206\Project\Car-Agency-Management\Models\DB.cs(823,20): warning CS8603: Possible null reference return. [D:\CIE 206\Project\Car-Agency-Management\Car-Agency-Management.csproj]
D:\CIE 206\Project\Car-Agency-Management\Models\DB.cs(836,30): warning CS8600: Converting null literal or possible null value to non-nullable type. [D:\CIE 206\Project\Car-Agency-Management\Car-Agency-Management.csproj]
D:\CIE 206\Project\Car-Agency-Management\Models\DB.cs(855,33): warning CS8601: Possible null reference assignment. [D:\CIE 206\Project\Car-Agency-Management\Car-Agency-Management.csproj]
D:\CIE 206\Project\Car-Agency-Management\Models\DB.cs(856,35): warning CS8601: Possible null reference assignment. [D:\CIE 206\Project\Car-Agency-Management\Car-Agency-Management.csproj]
D:\CIE 206\Project\Car-Agency-Management\Models\DB.cs(857,33): warning CS8601: Possible null reference assignment. [D:\CIE 206\Project\Car-Agency-Management\Car-Agency-Management.csproj]
D:\CIE 206\Project\Car-Agency-Management\Models\DB.cs(858,32): warning CS8601: Possible null reference assignment. [D:\CIE 206\Project\Car-Agency-Management\Car-Agency-Management.csproj]
D:\CIE 206\Project\Car-Agency-Management\Models\DB.cs(859,33): warning CS8601: Possible null reference assignment. [D:\CIE 206\Project\Car-Agency-Management\Car-Agency-Management.csproj]
D:\CIE 206\Project\Car-Agency-Management\Models\DB.cs(860,33): warning CS8601: Possible null reference assignment. [D:\CIE 206\Project\Car-Agency-Management\Car-Agency-Management.csproj]
D:\CIE 206\Project\Car-Agency-Management\Models\DB.cs(861,40): warning CS8601: Possible null reference assignment. [D:\CIE 206\Project\Car-Agency-Management\Car-Agency-Management.csproj]
D:\CIE 206\Project\Car-Agency-Management\Models\DB.cs(862,36): warning CS8601: Possible null reference assignment. [D:\CIE 206\Project\Car-Agency-Management\Car-Agency-Management.csproj]
D:\CIE 206\Project\Car-Agency-Management\Models\DB.cs(863,34): warning CS8601: Possible null reference assignment. [D:\CIE 206\Project\Car-Agency-Management\Car-Agency-Management.csproj]
D:\CIE 206\Project\Car-Agency-Management\Models\DB.cs(864,33): warning CS8601: Possible null reference assignment. [D:\CIE 206\Project\Car-Agency-Management\Car-Agency-Management.csproj]
D:\CIE 206\Project\Car-Agency-Management\Models\DB.cs(865,35): warning CS8601: Possible null reference assignment. [D:\CIE 206\Project\Car-Agency-Management\Car-Agency-Management.csproj]
D:\CIE 206\Project\Car-Agency-Management\Models\DB.cs(866,37): warning CS8601: Possible null reference assignment. [D:\CIE 206\Project\Car-Agency-Management\Car-Agency-Management.csproj]
D:\CIE 206\Project\Car-Agency-Management\Models\DB.cs(867,38): warning CS8601: Possible null reference assignment. [D:\CIE 206\Project\Car-Agency-Management\Car-Agency-Management.csproj]
D:\CIE 206\Project\Car-Agency-Management\Models\DB.cs(868,46): warning CS8601: Possible null reference assignment. [D:\CIE 206\Project\Car-Agency-Management\Car-Agency-Management.csproj]
D:\CIE 206\Project\Car-Agency-Management\Models\DB.cs(869,39): warning CS8601: Possible null reference assignment. [D:\CIE 206\Project\Car-Agency-Management\Car-Agency-Management.csproj]
D:\CIE 206\Project\Car-Agency-Management\Models\DB.cs(883,20): warning CS8603: Possible null reference return. [D:\CIE 206\Project\Car-Agency-Management\Car-Agency-Management.csproj]
D:\CIE 206\Project\Car-Agency-Management\Models\DB.cs(907,32): warning CS8604: Possible null reference argument for parameter 'item' in 'void List<string>.Add(string item)'. [D:\CIE 206\Project\Car-Agency-Management\Car-Agency-Management.csproj]
D:\CIE 206\Project\Car-Agency-Management\Models\DB.cs(944,34): warning CS8604: Possible null reference argument for parameter 'item' in 'void List<string>.Add(string item)'. [D:\CIE 206\Project\Car-Agency-Management\Car-Agency-Management.csproj]
D:\CIE 206\Project\Car-Agency-Management\Models\DB.cs(1163,31): warning CS8600: Converting null literal or possible null value to non-nullable type. [D:\CIE 206\Project\Car-Agency-Management\Car-Agency-Management.csproj]
D:\CIE 206\Project\Car-Agency-Management\Models\DB.cs(1195,32): warning CS8600: Converting null literal or possible null value to non-nullable type. [D:\CIE 206\Project\Car-Agency-Management\Car-Agency-Management.csproj]
D:\CIE 206\Project\Car-Agency-Management\Models\DB.cs(1215,20): warning CS8603: Possible null reference return. [D:\CIE 206\Project\Car-Agency-Management\Car-Agency-Management.csproj]
D:\CIE 206\Project\Car-Agency-Management\Models\DB.cs(1343,28): warning CS0219: The variable 'customerName' is assigned but its value is never used [D:\CIE 206\Project\Car-Agency-Management\Car-Agency-Management.csproj]
D:\CIE 206\Project\Car-Agency-Management\Models\DB.cs(1361,38): warning CS8600: Converting null literal or possible null value to non-nullable type. [D:\CIE 206\Project\Car-Agency-Management\Car-Agency-Management.csproj]
D:\CIE 206\Project\Car-Agency-Management\Models\DB.cs(1374,37): warning CS8601: Possible null reference assignment. [D:\CIE 206\Project\Car-Agency-Management\Car-Agency-Management.csproj]
D:\CIE 206\Project\Car-Agency-Management\Models\DB.cs(1375,36): warning CS8601: Possible null reference assignment. [D:\CIE 206\Project\Car-Agency-Management\Car-Agency-Management.csproj]
D:\CIE 206\Project\Car-Agency-Management\Models\DB.cs(1376,33): warning CS8601: Possible null reference assignment. [D:\CIE 206\Project\Car-Agency-Management\Car-Agency-Management.csproj]
D:\CIE 206\Project\Car-Agency-Management\Models\DB.cs(1377,35): warning CS8601: Possible null reference assignment. [D:\CIE 206\Project\Car-Agency-Management\Car-Agency-Management.csproj]
D:\CIE 206\Project\Car-Agency-Management\Models\DB.cs(1382,20): warning CS8603: Possible null reference return. [D:\CIE 206\Project\Car-Agency-Management\Car-Agency-Management.csproj]
D:\CIE 206\Project\Car-Agency-Management\Models\DB.cs(1406,34): warning CS8601: Possible null reference assignment. [D:\CIE 206\Project\Car-Agency-Management\Car-Agency-Management.csproj]
D:\CIE 206\Project\Car-Agency-Management\Models\DB.cs(1407,34): warning CS8601: Possible null reference assignment. [D:\CIE 206\Project\Car-Agency-Management\Car-Agency-Management.csproj]
D:\CIE 206\Project\Car-Agency-Management\Models\DB.cs(1660,33): warning CS8601: Possible null reference assignment. [D:\CIE 206\Project\Car-Agency-Management\Car-Agency-Management.csproj]
D:\CIE 206\Project\Car-Agency-Management\Models\DB.cs(1704,33): warning CS8601: Possible null reference assignment. [D:\CIE 206\Project\Car-Agency-Management\Car-Agency-Management.csproj]
D:\CIE 206\Project\Car-Agency-Management\Models\DB.cs(1752,32): warning CS8601: Possible null reference assignment. [D:\CIE 206\Project\Car-Agency-Management\Car-Agency-Management.csproj]
D:\CIE 206\Project\Car-Agency-Management\Models\DB.cs(1793,34): warning CS8601: Possible null reference assignment. [D:\CIE 206\Project\Car-Agency-Management\Car-Agency-Management.csproj]
D:\CIE 206\Project\Car-Agency-Management\Models\DB.cs(1794,39): warning CS8601: Possible null reference assignment. [D:\CIE 206\Project\Car-Agency-Management\Car-Agency-Management.csproj]
D:\CIE 206\Project\Car-Agency-Management\Models\DB.cs(1796,32): warning CS8601: Possible null reference assignment. [D:\CIE 206\Project\Car-Agency-Management\Car-Agency-Management.csproj]
D:\CIE 206\Project\Car-Agency-Management\Models\DB.cs(1840,39): warning CS8602: Dereference of a possibly null reference. [D:\CIE 206\Project\Car-Agency-Management\Car-Agency-Management.csproj]
D:\CIE 206\Project\Car-Agency-Management\Models\DB.cs(1841,36): warning CS8601: Possible null reference assignment. [D:\CIE 206\Project\Car-Agency-Management\Car-Agency-Management.csproj]
D:\CIE 206\Project\Car-Agency-Management\Models\DB.cs(1842,31): warning CS8601: Possible null reference assignment. [D:\CIE 206\Project\Car-Agency-Management\Car-Agency-Management.csproj]
D:\CIE 206\Project\Car-Agency-Management\Models\DB.cs(1845,34): warning CS8601: Possible null reference assignment. [D:\CIE 206\Project\Car-Agency-Management\Car-Agency-Management.csproj]
D:\CIE 206\Project\Car-Agency-Management\Models\DB.cs(1872,30): warning CS8600: Converting null literal or possible null value to non-nullable type. [D:\CIE 206\Project\Car-Agency-Management\Car-Agency-Management.csproj]
D:\CIE 206\Project\Car-Agency-Management\Models\DB.cs(1903,33): warning CS8601: Possible null reference assignment. [D:\CIE 206\Project\Car-Agency-Management\Car-Agency-Management.csproj]
D:\CIE 206\Project\Car-Agency-Management\Models\DB.cs(1904,35): warning CS8601: Possible null reference assignment. [D:\CIE 206\Project\Car-Agency-Management\Car-Agency-Management.csproj]
D:\CIE 206\Project\Car-Agency-Management\Models\DB.cs(1905,33): warning CS8601: Possible null reference assignment. [D:\CIE 206\Project\Car-Agency-Management\Car-Agency-Management.csproj]
D:\CIE 206\Project\Car-Agency-Management\Models\DB.cs(1906,32): warning CS8601: Possible null reference assignment. [D:\CIE 206\Project\Car-Agency-Management\Car-Agency-Management.csproj]
D:\CIE 206\Project\Car-Agency-Management\Models\DB.cs(1907,33): warning CS8601: Possible null reference assignment. [D:\CIE 206\Project\Car-Agency-Management\Car-Agency-Management.csproj]
D:\CIE 206\Project\Car-Agency-Management\Models\DB.cs(1908,37): warning CS8601: Possible null reference assignment. [D:\CIE 206\Project\Car-Agency-Management\Car-Agency-Management.csproj]
D:\CIE 206\Project\Car-Agency-Management\Models\DB.cs(1909,40): warning CS8601: Possible null reference assignment. [D:\CIE 206\Project\Car-Agency-Management\Car-Agency-Management.csproj]
D:\CIE 206\Project\Car-Agency-Management\Models\DB.cs(1910,36): warning CS8601: Possible null reference assignment. [D:\CIE 206\Project\Car-Agency-Management\Car-Agency-Management.csproj]
D:\CIE 206\Project\Car-Agency-Management\Models\DB.cs(1911,34): warning CS8601: Possible null reference assignment. [D:\CIE 206\Project\Car-Agency-Management\Car-Agency-Management.csproj]
D:\CIE 206\Project\Car-Agency-Management\Models\DB.cs(1912,33): warning CS8601: Possible null reference assignment. [D:\CIE 206\Project\Car-Agency-Management\Car-Agency-Management.csproj]
D:\CIE 206\Project\Car-Agency-Management\Models\DB.cs(1913,33): warning CS8601: Possible null reference assignment. [D:\CIE 206\Project\Car-Agency-Management\Car-Agency-Management.csproj]
D:\CIE 206\Project\Car-Agency-Management\Models\DB.cs(1914,35): warning CS8601: Possible null reference assignment. [D:\CIE 206\Project\Car-Agency-Management\Car-Agency-Management.csproj]
D:\CIE 206\Project\Car-Agency-Management\Models\DB.cs(1915,38): warning CS8601: Possible null reference assignment. [D:\CIE 206\Project\Car-Agency-Management\Car-Agency-Management.csproj]
D:\CIE 206\Project\Car-Agency-Management\Models\DB.cs(1916,46): warning CS8601: Possible null reference assignment. [D:\CIE 206\Project\Car-Agency-Management\Car-Agency-Management.csproj]
D:\CIE 206\Project\Car-Agency-Management\Models\DB.cs(1917,39): warning CS8601: Possible null reference assignment. [D:\CIE 206\Project\Car-Agency-Management\Car-Agency-Management.csproj]
D:\CIE 206\Project\Car-Agency-Management\Models\DB.cs(1931,20): warning CS8603: Possible null reference return. [D:\CIE 206\Project\Car-Agency-Management\Car-Agency-Management.csproj]
D:\CIE 206\Project\Car-Agency-Management\Models\DB.cs(1955,32): warning CS8604: Possible null reference argument for parameter 'item' in 'void List<string>.Add(string item)'. [D:\CIE 206\Project\Car-Agency-Management\Car-Agency-Management.csproj]
D:\CIE 206\Project\Car-Agency-Management\Models\DB.cs(1992,34): warning CS8604: Possible null reference argument for parameter 'item' in 'void List<string>.Add(string item)'. [D:\CIE 206\Project\Car-Agency-Management\Car-Agency-Management.csproj]
D:\CIE 206\Project\Car-Agency-Management\Models\DB.cs(2014,40): warning CS8600: Converting null literal or possible null value to non-nullable type. [D:\CIE 206\Project\Car-Agency-Management\Car-Agency-Management.csproj]
D:\CIE 206\Project\Car-Agency-Management\Models\DB.cs(2038,35): warning CS8601: Possible null reference assignment. [D:\CIE 206\Project\Car-Agency-Management\Car-Agency-Management.csproj]
D:\CIE 206\Project\Car-Agency-Management\Models\DB.cs(2039,33): warning CS8601: Possible null reference assignment. [D:\CIE 206\Project\Car-Agency-Management\Car-Agency-Management.csproj]
D:\CIE 206\Project\Car-Agency-Management\Models\DB.cs(2043,47): warning CS8601: Possible null reference assignment. [D:\CIE 206\Project\Car-Agency-Management\Car-Agency-Management.csproj]
D:\CIE 206\Project\Car-Agency-Management\Models\DB.cs(2044,40): warning CS8601: Possible null reference assignment. [D:\CIE 206\Project\Car-Agency-Management\Car-Agency-Management.csproj]
D:\CIE 206\Project\Car-Agency-Management\Models\DB.cs(2058,20): warning CS8603: Possible null reference return. [D:\CIE 206\Project\Car-Agency-Management\Car-Agency-Management.csproj]
D:\CIE 206\Project\Car-Agency-Management\Models\DB.cs(2093,43): warning CS8601: Possible null reference assignment. [D:\CIE 206\Project\Car-Agency-Management\Car-Agency-Management.csproj]
D:\CIE 206\Project\Car-Agency-Management\Models\DB.cs(2129,60): warning CS8600: Converting null literal or possible null value to non-nullable type. [D:\CIE 206\Project\Car-Agency-Management\Car-Agency-Management.csproj]

Build FAILED.

D:\CIE 206\Project\Car-Agency-Management\Models\DB.cs(556,64): warning CS8625: Cannot convert null literal to non-nullable reference type. [D:\CIE 206\Project\Car-Agency-Management\Car-Agency-Management.csproj]
D:\CIE 206\Project\Car-Agency-Management\Models\DB.cs(750,56): warning CS8625: Cannot convert null literal to non-nullable reference type. [D:\CIE 206\Project\Car-Agency-Management\Car-Agency-Management.csproj]
D:\CIE 206\Project\Car-Agency-Management\Models\DB.cs(2214,23): warning CS8618: Non-nullable property 'CarTitle' must contain a non-null value when exiting constructor. Consider adding the 'required' modifier or declaring the property as nullable. [D:\CIE 206\Project\Car-Agency-Management\Car-Agency-Management.csproj]
D:\CIE 206\Project\Car-Agency-Management\Models\DB.cs(2215,23): warning CS8618: Non-nullable property 'Method' must contain a non-null value when exiting constructor. Consider adding the 'required' modifier or declaring the property as nullable. [D:\CIE 206\Project\Car-Agency-Management\Car-Agency-Management.csproj]
D:\CIE 206\Project\Car-Agency-Management\Models\DB.cs(2216,23): warning CS8618: Non-nullable property 'Amount' must contain a non-null value when exiting constructor. Consider adding the 'required' modifier or declaring the property as nullable. [D:\CIE 206\Project\Car-Agency-Management\Car-Agency-Management.csproj]
D:\CIE 206\Project\Car-Agency-Management\Models\DB.cs(2217,23): warning CS8618: Non-nullable property 'Date' must contain a non-null value when exiting constructor. Consider adding the 'required' modifier or declaring the property as nullable. [D:\CIE 206\Project\Car-Agency-Management\Car-Agency-Management.csproj]
D:\CIE 206\Project\Car-Agency-Management\Models\DB.cs(2206,23): warning CS8618: Non-nullable property 'FirstName' must contain a non-null value when exiting constructor. Consider adding the 'required' modifier or declaring the property as nullable. [D:\CIE 206\Project\Car-Agency-Management\Car-Agency-Management.csproj]
D:\CIE 206\Project\Car-Agency-Management\Models\DB.cs(2207,23): warning CS8618: Non-nullable property 'LastName' must contain a non-null value when exiting constructor. Consider adding the 'required' modifier or declaring the property as nullable. [D:\CIE 206\Project\Car-Agency-Management\Car-Agency-Management.csproj]
D:\CIE 206\Project\Car-Agency-Management\Models\DB.cs(2208,23): warning CS8618: Non-nullable property 'Email' must contain a non-null value when exiting constructor. Consider adding the 'required' modifier or declaring the property as nullable. [D:\CIE 206\Project\Car-Agency-Management\Car-Agency-Management.csproj]
D:\CIE 206\Project\Car-Agency-Management\Models\DB.cs(2209,23): warning CS8618: Non-nullable property 'Address' must contain a non-null value when exiting constructor. Consider adding the 'required' modifier or declaring the property as nullable. [D:\CIE 206\Project\Car-Agency-Management\Car-Agency-Management.csproj]
D:\CIE 206\Project\Car-Agency-Management\Pages\Car-gallery.cshtml.cs(26,16): warning CS8618: Non-nullable property 'SelectedBrand' must contain a non-null value when exiting constructor. Consider adding the 'required' modifier or declaring the property as nullable. [D:\CIE 206\Project\Car-Agency-Management\Car-Agency-Management.csproj]
D:\CIE 206\Project\Car-Agency-Management\Pages\Car-gallery.cshtml.cs(117,29): warning CS8625: Cannot convert null literal to non-nullable reference type. [D:\CIE 206\Project\Car-Agency-Management\Car-Agency-Management.csproj]
D:\CIE 206\Project\Car-Agency-Management\Models\DB.cs(106,33): warning CS8601: Possible null reference assignment. [D:\CIE 206\Project\Car-Agency-Management\Car-Agency-Management.csproj]
D:\CIE 206\Project\Car-Agency-Management\Models\DB.cs(107,32): warning CS8601: Possible null reference assignment. [D:\CIE 206\Project\Car-Agency-Management\Car-Agency-Management.csproj]
D:\CIE 206\Project\Car-Agency-Management\Models\DB.cs(108,33): warning CS8601: Possible null reference assignment. [D:\CIE 206\Project\Car-Agency-Management\Car-Agency-Management.csproj]
D:\CIE 206\Project\Car-Agency-Management\Models\DB.cs(109,32): warning CS8601: Possible null reference assignment. [D:\CIE 206\Project\Car-Agency-Management\Car-Agency-Management.csproj]
D:\CIE 206\Project\Car-Agency-Management\Models\DB.cs(110,33): warning CS8601: Possible null reference assignment. [D:\CIE 206\Project\Car-Agency-Management\Car-Agency-Management.csproj]
D:\CIE 206\Project\Car-Agency-Management\Models\DB.cs(111,33): warning CS8601: Possible null reference assignment. [D:\CIE 206\Project\Car-Agency-Management\Car-Agency-Management.csproj]
D:\CIE 206\Project\Car-Agency-Management\Models\DB.cs(113,40): warning CS8601: Possible null reference assignment. [D:\CIE 206\Project\Car-Agency-Management\Car-Agency-Management.csproj]
D:\CIE 206\Project\Car-Agency-Management\Models\DB.cs(114,36): warning CS8601: Possible null reference assignment. [D:\CIE 206\Project\Car-Agency-Management\Car-Agency-Management.csproj]
D:\CIE 206\Project\Car-Agency-Management\Models\DB.cs(115,38): warning CS8601: Possible null reference assignment. [D:\CIE 206\Project\Car-Agency-Management\Car-Agency-Management.csproj]
D:\CIE 206\Project\Car-Agency-Management\Models\DB.cs(116,46): warning CS8601: Possible null reference assignment. [D:\CIE 206\Project\Car-Agency-Management\Car-Agency-Management.csproj]
D:\CIE 206\Project\Car-Agency-Management\Pages\ContactUs.cshtml.cs(17,16): warning CS8618: Non-nullable property 'Message' must contain a non-null value when exiting constructor. Consider adding the 'required' modifier or declaring the property as nullable. [D:\CIE 206\Project\Car-Agency-Management\Car-Agency-Management.csproj]
D:\CIE 206\Project\Car-Agency-Management\Pages\ContactUs.cshtml.cs(17,16): warning CS8618: Non-nullable property 'SuccessMessage' must contain a non-null value when exiting constructor. Consider adding the 'required' modifier or declaring the property as nullable. [D:\CIE 206\Project\Car-Agency-Management\Car-Agency-Management.csproj]
D:\CIE 206\Project\Car-Agency-Management\Pages\DebugUsers.cshtml.cs(12,27): warning CS8618: Non-nullable property 'Id' must contain a non-null value when exiting constructor. Consider adding the 'required' modifier or declaring the property as nullable. [D:\CIE 206\Project\Car-Agency-Management\Car-Agency-Management.csproj]
D:\CIE 206\Project\Car-Agency-Management\Pages\DebugUsers.cshtml.cs(13,27): warning CS8618: Non-nullable property 'Email' must contain a non-null value when exiting constructor. Consider adding the 'required' modifier or declaring the property as nullable. [D:\CIE 206\Project\Car-Agency-Management\Car-Agency-Management.csproj]
D:\CIE 206\Project\Car-Agency-Management\Pages\DebugUsers.cshtml.cs(14,27): warning CS8618: Non-nullable property 'Password' must contain a non-null value when exiting constructor. Consider adding the 'required' modifier or declaring the property as nullable. [D:\CIE 206\Project\Car-Agency-Management\Car-Agency-Management.csproj]
D:\CIE 206\Project\Car-Agency-Management\Pages\DebugUsers.cshtml.cs(36,42): warning CS8601: Possible null reference assignment. [D:\CIE 206\Project\Car-Agency-Management\Car-Agency-Management.csproj]
D:\CIE 206\Project\Car-Agency-Management\Pages\DebugUsers.cshtml.cs(37,45): warning CS8601: Possible null reference assignment. [D:\CIE 206\Project\Car-Agency-Management\Car-Agency-Management.csproj]
D:\CIE 206\Project\Car-Agency-Management\Pages\DebugUsers.cshtml.cs(38,48): warning CS8601: Possible null reference assignment. [D:\CIE 206\Project\Car-Agency-Management\Car-Agency-Management.csproj]
D:\CIE 206\Project\Car-Agency-Management\Pages\DebugUsers.cshtml.cs(45,30): warning CS0168: The variable 'ex' is declared but never used [D:\CIE 206\Project\Car-Agency-Management\Car-Agency-Management.csproj]
D:\CIE 206\Project\Car-Agency-Management\Models\DB.cs(179,33): warning CS8601: Possible null reference assignment. [D:\CIE 206\Project\Car-Agency-Management\Car-Agency-Management.csproj]
D:\CIE 206\Project\Car-Agency-Management\Models\DB.cs(180,32): warning CS8601: Possible null reference assignment. [D:\CIE 206\Project\Car-Agency-Management\Car-Agency-Management.csproj]
D:\CIE 206\Project\Car-Agency-Management\Models\DB.cs(181,33): warning CS8601: Possible null reference assignment. [D:\CIE 206\Project\Car-Agency-Management\Car-Agency-Management.csproj]
D:\CIE 206\Project\Car-Agency-Management\Models\DB.cs(182,32): warning CS8601: Possible null reference assignment. [D:\CIE 206\Project\Car-Agency-Management\Car-Agency-Management.csproj]
D:\CIE 206\Project\Car-Agency-Management\Models\DB.cs(183,33): warning CS8601: Possible null reference assignment. [D:\CIE 206\Project\Car-Agency-Management\Car-Agency-Management.csproj]
D:\CIE 206\Project\Car-Agency-Management\Models\DB.cs(184,33): warning CS8601: Possible null reference assignment. [D:\CIE 206\Project\Car-Agency-Management\Car-Agency-Management.csproj]
D:\CIE 206\Project\Car-Agency-Management\Models\DB.cs(185,40): warning CS8601: Possible null reference assignment. [D:\CIE 206\Project\Car-Agency-Management\Car-Agency-Management.csproj]
D:\CIE 206\Project\Car-Agency-Management\Models\DB.cs(186,36): warning CS8601: Possible null reference assignment. [D:\CIE 206\Project\Car-Agency-Management\Car-Agency-Management.csproj]
D:\CIE 206\Project\Car-Agency-Management\Models\DB.cs(187,38): warning CS8601: Possible null reference assignment. [D:\CIE 206\Project\Car-Agency-Management\Car-Agency-Management.csproj]
D:\CIE 206\Project\Car-Agency-Management\Models\DB.cs(188,46): warning CS8601: Possible null reference assignment. [D:\CIE 206\Project\Car-Agency-Management\Car-Agency-Management.csproj]
D:\CIE 206\Project\Car-Agency-Management\Models\DB.cs(236,37): warning CS8601: Possible null reference assignment. [D:\CIE 206\Project\Car-Agency-Management\Car-Agency-Management.csproj]
D:\CIE 206\Project\Car-Agency-Management\Models\DB.cs(237,35): warning CS8601: Possible null reference assignment. [D:\CIE 206\Project\Car-Agency-Management\Car-Agency-Management.csproj]
D:\CIE 206\Project\Car-Agency-Management\Pages\Profile.cshtml.cs(34,30): warning CS8618: Non-nullable property 'Customer' must contain a non-null value when exiting constructor. Consider adding the 'required' modifier or declaring the property as nullable. [D:\CIE 206\Project\Car-Agency-Management\Car-Agency-Management.csproj]
D:\CIE 206\Project\Car-Agency-Management\Pages\Profile.cshtml.cs(35,41): warning CS8618: Non-nullable property 'Transactions' must contain a non-null value when exiting constructor. Consider adding the 'required' modifier or declaring the property as nullable. [D:\CIE 206\Project\Car-Agency-Management\Car-Agency-Management.csproj]
D:\CIE 206\Project\Car-Agency-Management\Pages\Profile.cshtml.cs(62,23): warning CS8618: Non-nullable property 'InvoiceId' must contain a non-null value when exiting constructor. Consider adding the 'required' modifier or declaring the property as nullable. [D:\CIE 206\Project\Car-Agency-Management\Car-Agency-Management.csproj]
D:\CIE 206\Project\Car-Agency-Management\Pages\Profile.cshtml.cs(63,23): warning CS8618: Non-nullable property 'Service' must contain a non-null value when exiting constructor. Consider adding the 'required' modifier or declaring the property as nullable. [D:\CIE 206\Project\Car-Agency-Management\Car-Agency-Management.csproj]
D:\CIE 206\Project\Car-Agency-Management\Pages\Profile.cshtml.cs(65,23): warning CS8618: Non-nullable property 'Date' must contain a non-null value when exiting constructor. Consider adding the 'required' modifier or declaring the property as nullable. [D:\CIE 206\Project\Car-Agency-Management\Car-Agency-Management.csproj]
D:\CIE 206\Project\Car-Agency-Management\Pages\Profile.cshtml.cs(66,23): warning CS8618: Non-nullable property 'Status' must contain a non-null value when exiting constructor. Consider adding the 'required' modifier or declaring the property as nullable. [D:\CIE 206\Project\Car-Agency-Management\Car-Agency-Management.csproj]
D:\CIE 206\Project\Car-Agency-Management\Pages\Profile.cshtml.cs(18,27): warning CS8618: Non-nullable property 'InvoiceId' must contain a non-null value when exiting constructor. Consider adding the 'required' modifier or declaring the property as nullable. [D:\CIE 206\Project\Car-Agency-Management\Car-Agency-Management.csproj]
D:\CIE 206\Project\Car-Agency-Management\Pages\Profile.cshtml.cs(19,27): warning CS8618: Non-nullable property 'Service' must contain a non-null value when exiting constructor. Consider adding the 'required' modifier or declaring the property as nullable. [D:\CIE 206\Project\Car-Agency-Management\Car-Agency-Management.csproj]
D:\CIE 206\Project\Car-Agency-Management\Pages\Profile.cshtml.cs(21,27): warning CS8618: Non-nullable property 'Date' must contain a non-null value when exiting constructor. Consider adding the 'required' modifier or declaring the property as nullable. [D:\CIE 206\Project\Car-Agency-Management\Car-Agency-Management.csproj]
D:\CIE 206\Project\Car-Agency-Management\Pages\Profile.cshtml.cs(22,27): warning CS8618: Non-nullable property 'Status' must contain a non-null value when exiting constructor. Consider adding the 'required' modifier or declaring the property as nullable. [D:\CIE 206\Project\Car-Agency-Management\Car-Agency-Management.csproj]
D:\CIE 206\Project\Car-Agency-Management\Models\DB.cs(397,33): warning CS8601: Possible null reference assignment. [D:\CIE 206\Project\Car-Agency-Management\Car-Agency-Management.csproj]
D:\CIE 206\Project\Car-Agency-Management\Models\DB.cs(398,32): warning CS8601: Possible null reference assignment. [D:\CIE 206\Project\Car-Agency-Management\Car-Agency-Management.csproj]
D:\CIE 206\Project\Car-Agency-Management\Models\DB.cs(399,33): warning CS8601: Possible null reference assignment. [D:\CIE 206\Project\Car-Agency-Management\Car-Agency-Management.csproj]
D:\CIE 206\Project\Car-Agency-Management\Models\DB.cs(400,32): warning CS8601: Possible null reference assignment. [D:\CIE 206\Project\Car-Agency-Management\Car-Agency-Management.csproj]
D:\CIE 206\Project\Car-Agency-Management\Models\DB.cs(401,33): warning CS8601: Possible null reference assignment. [D:\CIE 206\Project\Car-Agency-Management\Car-Agency-Management.csproj]
D:\CIE 206\Project\Car-Agency-Management\Models\DB.cs(402,33): warning CS8601: Possible null reference assignment. [D:\CIE 206\Project\Car-Agency-Management\Car-Agency-Management.csproj]
D:\CIE 206\Project\Car-Agency-Management\Models\DB.cs(403,38): warning CS8601: Possible null reference assignment. [D:\CIE 206\Project\Car-Agency-Management\Car-Agency-Management.csproj]
D:\CIE 206\Project\Car-Agency-Management\Models\DB.cs(404,46): warning CS8601: Possible null reference assignment. [D:\CIE 206\Project\Car-Agency-Management\Car-Agency-Management.csproj]
D:\CIE 206\Project\Car-Agency-Management\Models\DB.cs(441,32): warning CS8604: Possible null reference argument for parameter 'key' in 'void Dictionary<string, int>.Add(string key, int value)'. [D:\CIE 206\Project\Car-Agency-Management\Car-Agency-Management.csproj]
D:\CIE 206\Project\Car-Agency-Management\Models\DB.cs(481,33): warning CS8601: Possible null reference assignment. [D:\CIE 206\Project\Car-Agency-Management\Car-Agency-Management.csproj]
D:\CIE 206\Project\Car-Agency-Management\Models\DB.cs(482,32): warning CS8601: Possible null reference assignment. [D:\CIE 206\Project\Car-Agency-Management\Car-Agency-Management.csproj]
D:\CIE 206\Project\Car-Agency-Management\Models\DB.cs(483,33): warning CS8601: Possible null reference assignment. [D:\CIE 206\Project\Car-Agency-Management\Car-Agency-Management.csproj]
D:\CIE 206\Project\Car-Agency-Management\Models\DB.cs(484,32): warning CS8601: Possible null reference assignment. [D:\CIE 206\Project\Car-Agency-Management\Car-Agency-Management.csproj]
D:\CIE 206\Project\Car-Agency-Management\Models\DB.cs(485,33): warning CS8601: Possible null reference assignment. [D:\CIE 206\Project\Car-Agency-Management\Car-Agency-Management.csproj]
D:\CIE 206\Project\Car-Agency-Management\Models\DB.cs(486,33): warning CS8601: Possible null reference assignment. [D:\CIE 206\Project\Car-Agency-Management\Car-Agency-Management.csproj]
D:\CIE 206\Project\Car-Agency-Management\Models\DB.cs(487,38): warning CS8601: Possible null reference assignment. [D:\CIE 206\Project\Car-Agency-Management\Car-Agency-Management.csproj]
D:\CIE 206\Project\Car-Agency-Management\Models\DB.cs(488,46): warning CS8601: Possible null reference assignment. [D:\CIE 206\Project\Car-Agency-Management\Car-Agency-Management.csproj]
D:\CIE 206\Project\Car-Agency-Management\Models\DB.cs(529,33): warning CS8601: Possible null reference assignment. [D:\CIE 206\Project\Car-Agency-Management\Car-Agency-Management.csproj]
D:\CIE 206\Project\Car-Agency-Management\Models\DB.cs(530,32): warning CS8601: Possible null reference assignment. [D:\CIE 206\Project\Car-Agency-Management\Car-Agency-Management.csproj]
D:\CIE 206\Project\Car-Agency-Management\Models\DB.cs(531,33): warning CS8601: Possible null reference assignment. [D:\CIE 206\Project\Car-Agency-Management\Car-Agency-Management.csproj]
D:\CIE 206\Project\Car-Agency-Management\Models\DB.cs(532,32): warning CS8601: Possible null reference assignment. [D:\CIE 206\Project\Car-Agency-Management\Car-Agency-Management.csproj]
D:\CIE 206\Project\Car-Agency-Management\Models\DB.cs(533,33): warning CS8601: Possible null reference assignment. [D:\CIE 206\Project\Car-Agency-Management\Car-Agency-Management.csproj]
D:\CIE 206\Project\Car-Agency-Management\Models\DB.cs(534,33): warning CS8601: Possible null reference assignment. [D:\CIE 206\Project\Car-Agency-Management\Car-Agency-Management.csproj]
D:\CIE 206\Project\Car-Agency-Management\Models\DB.cs(535,38): warning CS8601: Possible null reference assignment. [D:\CIE 206\Project\Car-Agency-Management\Car-Agency-Management.csproj]
D:\CIE 206\Project\Car-Agency-Management\Models\DB.cs(536,46): warning CS8601: Possible null reference assignment. [D:\CIE 206\Project\Car-Agency-Management\Car-Agency-Management.csproj]
D:\CIE 206\Project\Car-Agency-Management\Models\DB.cs(573,58): warning CS8600: Converting null literal or possible null value to non-nullable type. [D:\CIE 206\Project\Car-Agency-Management\Car-Agency-Management.csproj]
D:\CIE 206\Project\Car-Agency-Management\Models\DB.cs(574,58): warning CS8600: Converting null literal or possible null value to non-nullable type. [D:\CIE 206\Project\Car-Agency-Management\Car-Agency-Management.csproj]
D:\CIE 206\Project\Car-Agency-Management\Models\DB.cs(581,33): warning CS8601: Possible null reference assignment. [D:\CIE 206\Project\Car-Agency-Management\Car-Agency-Management.csproj]
D:\CIE 206\Project\Car-Agency-Management\Models\DB.cs(582,32): warning CS8601: Possible null reference assignment. [D:\CIE 206\Project\Car-Agency-Management\Car-Agency-Management.csproj]
D:\CIE 206\Project\Car-Agency-Management\Models\DB.cs(583,33): warning CS8601: Possible null reference assignment. [D:\CIE 206\Project\Car-Agency-Management\Car-Agency-Management.csproj]
D:\CIE 206\Project\Car-Agency-Management\Models\DB.cs(584,32): warning CS8601: Possible null reference assignment. [D:\CIE 206\Project\Car-Agency-Management\Car-Agency-Management.csproj]
D:\CIE 206\Project\Car-Agency-Management\Models\DB.cs(585,33): warning CS8601: Possible null reference assignment. [D:\CIE 206\Project\Car-Agency-Management\Car-Agency-Management.csproj]
D:\CIE 206\Project\Car-Agency-Management\Models\DB.cs(586,33): warning CS8601: Possible null reference assignment. [D:\CIE 206\Project\Car-Agency-Management\Car-Agency-Management.csproj]
D:\CIE 206\Project\Car-Agency-Management\Models\DB.cs(587,38): warning CS8601: Possible null reference assignment. [D:\CIE 206\Project\Car-Agency-Management\Car-Agency-Management.csproj]
D:\CIE 206\Project\Car-Agency-Management\Models\DB.cs(588,46): warning CS8601: Possible null reference assignment. [D:\CIE 206\Project\Car-Agency-Management\Car-Agency-Management.csproj]
D:\CIE 206\Project\Car-Agency-Management\Models\DB.cs(628,33): warning CS8601: Possible null reference assignment. [D:\CIE 206\Project\Car-Agency-Management\Car-Agency-Management.csproj]
D:\CIE 206\Project\Car-Agency-Management\Models\DB.cs(629,32): warning CS8601: Possible null reference assignment. [D:\CIE 206\Project\Car-Agency-Management\Car-Agency-Management.csproj]
D:\CIE 206\Project\Car-Agency-Management\Models\DB.cs(630,33): warning CS8601: Possible null reference assignment. [D:\CIE 206\Project\Car-Agency-Management\Car-Agency-Management.csproj]
D:\CIE 206\Project\Car-Agency-Management\Models\DB.cs(631,32): warning CS8601: Possible null reference assignment. [D:\CIE 206\Project\Car-Agency-Management\Car-Agency-Management.csproj]
D:\CIE 206\Project\Car-Agency-Management\Models\DB.cs(632,33): warning CS8601: Possible null reference assignment. [D:\CIE 206\Project\Car-Agency-Management\Car-Agency-Management.csproj]
D:\CIE 206\Project\Car-Agency-Management\Models\DB.cs(633,33): warning CS8601: Possible null reference assignment. [D:\CIE 206\Project\Car-Agency-Management\Car-Agency-Management.csproj]
D:\CIE 206\Project\Car-Agency-Management\Models\DB.cs(634,38): warning CS8601: Possible null reference assignment. [D:\CIE 206\Project\Car-Agency-Management\Car-Agency-Management.csproj]
D:\CIE 206\Project\Car-Agency-Management\Models\DB.cs(635,46): warning CS8601: Possible null reference assignment. [D:\CIE 206\Project\Car-Agency-Management\Car-Agency-Management.csproj]
D:\CIE 206\Project\Car-Agency-Management\Models\DB.cs(674,33): warning CS8601: Possible null reference assignment. [D:\CIE 206\Project\Car-Agency-Management\Car-Agency-Management.csproj]
D:\CIE 206\Project\Car-Agency-Management\Models\DB.cs(675,32): warning CS8601: Possible null reference assignment. [D:\CIE 206\Project\Car-Agency-Management\Car-Agency-Management.csproj]
D:\CIE 206\Project\Car-Agency-Management\Models\DB.cs(676,33): warning CS8601: Possible null reference assignment. [D:\CIE 206\Project\Car-Agency-Management\Car-Agency-Management.csproj]
D:\CIE 206\Project\Car-Agency-Management\Models\DB.cs(677,32): warning CS8601: Possible null reference assignment. [D:\CIE 206\Project\Car-Agency-Management\Car-Agency-Management.csproj]
D:\CIE 206\Project\Car-Agency-Management\Models\DB.cs(678,33): warning CS8601: Possible null reference assignment. [D:\CIE 206\Project\Car-Agency-Management\Car-Agency-Management.csproj]
D:\CIE 206\Project\Car-Agency-Management\Models\DB.cs(679,33): warning CS8601: Possible null reference assignment. [D:\CIE 206\Project\Car-Agency-Management\Car-Agency-Management.csproj]
D:\CIE 206\Project\Car-Agency-Management\Models\DB.cs(680,38): warning CS8601: Possible null reference assignment. [D:\CIE 206\Project\Car-Agency-Management\Car-Agency-Management.csproj]
D:\CIE 206\Project\Car-Agency-Management\Models\DB.cs(681,46): warning CS8601: Possible null reference assignment. [D:\CIE 206\Project\Car-Agency-Management\Car-Agency-Management.csproj]
D:\CIE 206\Project\Car-Agency-Management\Models\DB.cs(723,33): warning CS8601: Possible null reference assignment. [D:\CIE 206\Project\Car-Agency-Management\Car-Agency-Management.csproj]
D:\CIE 206\Project\Car-Agency-Management\Models\DB.cs(724,32): warning CS8601: Possible null reference assignment. [D:\CIE 206\Project\Car-Agency-Management\Car-Agency-Management.csproj]
D:\CIE 206\Project\Car-Agency-Management\Models\DB.cs(725,33): warning CS8601: Possible null reference assignment. [D:\CIE 206\Project\Car-Agency-Management\Car-Agency-Management.csproj]
D:\CIE 206\Project\Car-Agency-Management\Models\DB.cs(726,32): warning CS8601: Possible null reference assignment. [D:\CIE 206\Project\Car-Agency-Management\Car-Agency-Management.csproj]
D:\CIE 206\Project\Car-Agency-Management\Models\DB.cs(727,33): warning CS8601: Possible null reference assignment. [D:\CIE 206\Project\Car-Agency-Management\Car-Agency-Management.csproj]
D:\CIE 206\Project\Car-Agency-Management\Models\DB.cs(728,33): warning CS8601: Possible null reference assignment. [D:\CIE 206\Project\Car-Agency-Management\Car-Agency-Management.csproj]
D:\CIE 206\Project\Car-Agency-Management\Models\DB.cs(729,38): warning CS8601: Possible null reference assignment. [D:\CIE 206\Project\Car-Agency-Management\Car-Agency-Management.csproj]
D:\CIE 206\Project\Car-Agency-Management\Models\DB.cs(730,46): warning CS8601: Possible null reference assignment. [D:\CIE 206\Project\Car-Agency-Management\Car-Agency-Management.csproj]
D:\CIE 206\Project\Car-Agency-Management\Models\DB.cs(765,58): warning CS8600: Converting null literal or possible null value to non-nullable type. [D:\CIE 206\Project\Car-Agency-Management\Car-Agency-Management.csproj]
D:\CIE 206\Project\Car-Agency-Management\Models\DB.cs(766,58): warning CS8600: Converting null literal or possible null value to non-nullable type. [D:\CIE 206\Project\Car-Agency-Management\Car-Agency-Management.csproj]
D:\CIE 206\Project\Car-Agency-Management\Models\DB.cs(787,30): warning CS8600: Converting null literal or possible null value to non-nullable type. [D:\CIE 206\Project\Car-Agency-Management\Car-Agency-Management.csproj]
D:\CIE 206\Project\Car-Agency-Management\Models\DB.cs(804,33): warning CS8601: Possible null reference assignment. [D:\CIE 206\Project\Car-Agency-Management\Car-Agency-Management.csproj]
D:\CIE 206\Project\Car-Agency-Management\Models\DB.cs(805,32): warning CS8601: Possible null reference assignment. [D:\CIE 206\Project\Car-Agency-Management\Car-Agency-Management.csproj]
D:\CIE 206\Project\Car-Agency-Management\Models\DB.cs(806,33): warning CS8601: Possible null reference assignment. [D:\CIE 206\Project\Car-Agency-Management\Car-Agency-Management.csproj]
D:\CIE 206\Project\Car-Agency-Management\Models\DB.cs(807,32): warning CS8601: Possible null reference assignment. [D:\CIE 206\Project\Car-Agency-Management\Car-Agency-Management.csproj]
D:\CIE 206\Project\Car-Agency-Management\Models\DB.cs(808,33): warning CS8601: Possible null reference assignment. [D:\CIE 206\Project\Car-Agency-Management\Car-Agency-Management.csproj]
D:\CIE 206\Project\Car-Agency-Management\Models\DB.cs(809,33): warning CS8601: Possible null reference assignment. [D:\CIE 206\Project\Car-Agency-Management\Car-Agency-Management.csproj]
D:\CIE 206\Project\Car-Agency-Management\Models\DB.cs(823,20): warning CS8603: Possible null reference return. [D:\CIE 206\Project\Car-Agency-Management\Car-Agency-Management.csproj]
D:\CIE 206\Project\Car-Agency-Management\Models\DB.cs(836,30): warning CS8600: Converting null literal or possible null value to non-nullable type. [D:\CIE 206\Project\Car-Agency-Management\Car-Agency-Management.csproj]
D:\CIE 206\Project\Car-Agency-Management\Models\DB.cs(855,33): warning CS8601: Possible null reference assignment. [D:\CIE 206\Project\Car-Agency-Management\Car-Agency-Management.csproj]
D:\CIE 206\Project\Car-Agency-Management\Models\DB.cs(856,35): warning CS8601: Possible null reference assignment. [D:\CIE 206\Project\Car-Agency-Management\Car-Agency-Management.csproj]
D:\CIE 206\Project\Car-Agency-Management\Models\DB.cs(857,33): warning CS8601: Possible null reference assignment. [D:\CIE 206\Project\Car-Agency-Management\Car-Agency-Management.csproj]
D:\CIE 206\Project\Car-Agency-Management\Models\DB.cs(858,32): warning CS8601: Possible null reference assignment. [D:\CIE 206\Project\Car-Agency-Management\Car-Agency-Management.csproj]
D:\CIE 206\Project\Car-Agency-Management\Models\DB.cs(859,33): warning CS8601: Possible null reference assignment. [D:\CIE 206\Project\Car-Agency-Management\Car-Agency-Management.csproj]
D:\CIE 206\Project\Car-Agency-Management\Models\DB.cs(860,33): warning CS8601: Possible null reference assignment. [D:\CIE 206\Project\Car-Agency-Management\Car-Agency-Management.csproj]
D:\CIE 206\Project\Car-Agency-Management\Models\DB.cs(861,40): warning CS8601: Possible null reference assignment. [D:\CIE 206\Project\Car-Agency-Management\Car-Agency-Management.csproj]
D:\CIE 206\Project\Car-Agency-Management\Models\DB.cs(862,36): warning CS8601: Possible null reference assignment. [D:\CIE 206\Project\Car-Agency-Management\Car-Agency-Management.csproj]
D:\CIE 206\Project\Car-Agency-Management\Models\DB.cs(863,34): warning CS8601: Possible null reference assignment. [D:\CIE 206\Project\Car-Agency-Management\Car-Agency-Management.csproj]
D:\CIE 206\Project\Car-Agency-Management\Models\DB.cs(864,33): warning CS8601: Possible null reference assignment. [D:\CIE 206\Project\Car-Agency-Management\Car-Agency-Management.csproj]
D:\CIE 206\Project\Car-Agency-Management\Models\DB.cs(865,35): warning CS8601: Possible null reference assignment. [D:\CIE 206\Project\Car-Agency-Management\Car-Agency-Management.csproj]
D:\CIE 206\Project\Car-Agency-Management\Models\DB.cs(866,37): warning CS8601: Possible null reference assignment. [D:\CIE 206\Project\Car-Agency-Management\Car-Agency-Management.csproj]
D:\CIE 206\Project\Car-Agency-Management\Models\DB.cs(867,38): warning CS8601: Possible null reference assignment. [D:\CIE 206\Project\Car-Agency-Management\Car-Agency-Management.csproj]
D:\CIE 206\Project\Car-Agency-Management\Models\DB.cs(868,46): warning CS8601: Possible null reference assignment. [D:\CIE 206\Project\Car-Agency-Management\Car-Agency-Management.csproj]
D:\CIE 206\Project\Car-Agency-Management\Models\DB.cs(869,39): warning CS8601: Possible null reference assignment. [D:\CIE 206\Project\Car-Agency-Management\Car-Agency-Management.csproj]
D:\CIE 206\Project\Car-Agency-Management\Models\DB.cs(883,20): warning CS8603: Possible null reference return. [D:\CIE 206\Project\Car-Agency-Management\Car-Agency-Management.csproj]
D:\CIE 206\Project\Car-Agency-Management\Models\DB.cs(907,32): warning CS8604: Possible null reference argument for parameter 'item' in 'void List<string>.Add(string item)'. [D:\CIE 206\Project\Car-Agency-Management\Car-Agency-Management.csproj]
D:\CIE 206\Project\Car-Agency-Management\Models\DB.cs(944,34): warning CS8604: Possible null reference argument for parameter 'item' in 'void List<string>.Add(string item)'. [D:\CIE 206\Project\Car-Agency-Management\Car-Agency-Management.csproj]
D:\CIE 206\Project\Car-Agency-Management\Models\DB.cs(1163,31): warning CS8600: Converting null literal or possible null value to non-nullable type. [D:\CIE 206\Project\Car-Agency-Management\Car-Agency-Management.csproj]
D:\CIE 206\Project\Car-Agency-Management\Models\DB.cs(1195,32): warning CS8600: Converting null literal or possible null value to non-nullable type. [D:\CIE 206\Project\Car-Agency-Management\Car-Agency-Management.csproj]
D:\CIE 206\Project\Car-Agency-Management\Models\DB.cs(1215,20): warning CS8603: Possible null reference return. [D:\CIE 206\Project\Car-Agency-Management\Car-Agency-Management.csproj]
D:\CIE 206\Project\Car-Agency-Management\Models\DB.cs(1343,28): warning CS0219: The variable 'customerName' is assigned but its value is never used [D:\CIE 206\Project\Car-Agency-Management\Car-Agency-Management.csproj]
D:\CIE 206\Project\Car-Agency-Management\Models\DB.cs(1361,38): warning CS8600: Converting null literal or possible null value to non-nullable type. [D:\CIE 206\Project\Car-Agency-Management\Car-Agency-Management.csproj]
D:\CIE 206\Project\Car-Agency-Management\Models\DB.cs(1374,37): warning CS8601: Possible null reference assignment. [D:\CIE 206\Project\Car-Agency-Management\Car-Agency-Management.csproj]
D:\CIE 206\Project\Car-Agency-Management\Models\DB.cs(1375,36): warning CS8601: Possible null reference assignment. [D:\CIE 206\Project\Car-Agency-Management\Car-Agency-Management.csproj]
D:\CIE 206\Project\Car-Agency-Management\Models\DB.cs(1376,33): warning CS8601: Possible null reference assignment. [D:\CIE 206\Project\Car-Agency-Management\Car-Agency-Management.csproj]
D:\CIE 206\Project\Car-Agency-Management\Models\DB.cs(1377,35): warning CS8601: Possible null reference assignment. [D:\CIE 206\Project\Car-Agency-Management\Car-Agency-Management.csproj]
D:\CIE 206\Project\Car-Agency-Management\Models\DB.cs(1382,20): warning CS8603: Possible null reference return. [D:\CIE 206\Project\Car-Agency-Management\Car-Agency-Management.csproj]
D:\CIE 206\Project\Car-Agency-Management\Models\DB.cs(1406,34): warning CS8601: Possible null reference assignment. [D:\CIE 206\Project\Car-Agency-Management\Car-Agency-Management.csproj]
D:\CIE 206\Project\Car-Agency-Management\Models\DB.cs(1407,34): warning CS8601: Possible null reference assignment. [D:\CIE 206\Project\Car-Agency-Management\Car-Agency-Management.csproj]
D:\CIE 206\Project\Car-Agency-Management\Models\DB.cs(1660,33): warning CS8601: Possible null reference assignment. [D:\CIE 206\Project\Car-Agency-Management\Car-Agency-Management.csproj]
D:\CIE 206\Project\Car-Agency-Management\Models\DB.cs(1704,33): warning CS8601: Possible null reference assignment. [D:\CIE 206\Project\Car-Agency-Management\Car-Agency-Management.csproj]
D:\CIE 206\Project\Car-Agency-Management\Models\DB.cs(1752,32): warning CS8601: Possible null reference assignment. [D:\CIE 206\Project\Car-Agency-Management\Car-Agency-Management.csproj]
D:\CIE 206\Project\Car-Agency-Management\Models\DB.cs(1793,34): warning CS8601: Possible null reference assignment. [D:\CIE 206\Project\Car-Agency-Management\Car-Agency-Management.csproj]
D:\CIE 206\Project\Car-Agency-Management\Models\DB.cs(1794,39): warning CS8601: Possible null reference assignment. [D:\CIE 206\Project\Car-Agency-Management\Car-Agency-Management.csproj]
D:\CIE 206\Project\Car-Agency-Management\Models\DB.cs(1796,32): warning CS8601: Possible null reference assignment. [D:\CIE 206\Project\Car-Agency-Management\Car-Agency-Management.csproj]
D:\CIE 206\Project\Car-Agency-Management\Models\DB.cs(1840,39): warning CS8602: Dereference of a possibly null reference. [D:\CIE 206\Project\Car-Agency-Management\Car-Agency-Management.csproj]
D:\CIE 206\Project\Car-Agency-Management\Models\DB.cs(1841,36): warning CS8601: Possible null reference assignment. [D:\CIE 206\Project\Car-Agency-Management\Car-Agency-Management.csproj]
D:\CIE 206\Project\Car-Agency-Management\Models\DB.cs(1842,31): warning CS8601: Possible null reference assignment. [D:\CIE 206\Project\Car-Agency-Management\Car-Agency-Management.csproj]
D:\CIE 206\Project\Car-Agency-Management\Models\DB.cs(1845,34): warning CS8601: Possible null reference assignment. [D:\CIE 206\Project\Car-Agency-Management\Car-Agency-Management.csproj]
D:\CIE 206\Project\Car-Agency-Management\Models\DB.cs(1872,30): warning CS8600: Converting null literal or possible null value to non-nullable type. [D:\CIE 206\Project\Car-Agency-Management\Car-Agency-Management.csproj]
D:\CIE 206\Project\Car-Agency-Management\Models\DB.cs(1903,33): warning CS8601: Possible null reference assignment. [D:\CIE 206\Project\Car-Agency-Management\Car-Agency-Management.csproj]
D:\CIE 206\Project\Car-Agency-Management\Models\DB.cs(1904,35): warning CS8601: Possible null reference assignment. [D:\CIE 206\Project\Car-Agency-Management\Car-Agency-Management.csproj]
D:\CIE 206\Project\Car-Agency-Management\Models\DB.cs(1905,33): warning CS8601: Possible null reference assignment. [D:\CIE 206\Project\Car-Agency-Management\Car-Agency-Management.csproj]
D:\CIE 206\Project\Car-Agency-Management\Models\DB.cs(1906,32): warning CS8601: Possible null reference assignment. [D:\CIE 206\Project\Car-Agency-Management\Car-Agency-Management.csproj]
D:\CIE 206\Project\Car-Agency-Management\Models\DB.cs(1907,33): warning CS8601: Possible null reference assignment. [D:\CIE 206\Project\Car-Agency-Management\Car-Agency-Management.csproj]
D:\CIE 206\Project\Car-Agency-Management\Models\DB.cs(1908,37): warning CS8601: Possible null reference assignment. [D:\CIE 206\Project\Car-Agency-Management\Car-Agency-Management.csproj]
D:\CIE 206\Project\Car-Agency-Management\Models\DB.cs(1909,40): warning CS8601: Possible null reference assignment. [D:\CIE 206\Project\Car-Agency-Management\Car-Agency-Management.csproj]
D:\CIE 206\Project\Car-Agency-Management\Models\DB.cs(1910,36): warning CS8601: Possible null reference assignment. [D:\CIE 206\Project\Car-Agency-Management\Car-Agency-Management.csproj]
D:\CIE 206\Project\Car-Agency-Management\Models\DB.cs(1911,34): warning CS8601: Possible null reference assignment. [D:\CIE 206\Project\Car-Agency-Management\Car-Agency-Management.csproj]
D:\CIE 206\Project\Car-Agency-Management\Models\DB.cs(1912,33): warning CS8601: Possible null reference assignment. [D:\CIE 206\Project\Car-Agency-Management\Car-Agency-Management.csproj]
D:\CIE 206\Project\Car-Agency-Management\Models\DB.cs(1913,33): warning CS8601: Possible null reference assignment. [D:\CIE 206\Project\Car-Agency-Management\Car-Agency-Management.csproj]
D:\CIE 206\Project\Car-Agency-Management\Models\DB.cs(1914,35): warning CS8601: Possible null reference assignment. [D:\CIE 206\Project\Car-Agency-Management\Car-Agency-Management.csproj]
D:\CIE 206\Project\Car-Agency-Management\Models\DB.cs(1915,38): warning CS8601: Possible null reference assignment. [D:\CIE 206\Project\Car-Agency-Management\Car-Agency-Management.csproj]
D:\CIE 206\Project\Car-Agency-Management\Models\DB.cs(1916,46): warning CS8601: Possible null reference assignment. [D:\CIE 206\Project\Car-Agency-Management\Car-Agency-Management.csproj]
D:\CIE 206\Project\Car-Agency-Management\Models\DB.cs(1917,39): warning CS8601: Possible null reference assignment. [D:\CIE 206\Project\Car-Agency-Management\Car-Agency-Management.csproj]
D:\CIE 206\Project\Car-Agency-Management\Models\DB.cs(1931,20): warning CS8603: Possible null reference return. [D:\CIE 206\Project\Car-Agency-Management\Car-Agency-Management.csproj]
D:\CIE 206\Project\Car-Agency-Management\Models\DB.cs(1955,32): warning CS8604: Possible null reference argument for parameter 'item' in 'void List<string>.Add(string item)'. [D:\CIE 206\Project\Car-Agency-Management\Car-Agency-Management.csproj]
D:\CIE 206\Project\Car-Agency-Management\Models\DB.cs(1992,34): warning CS8604: Possible null reference argument for parameter 'item' in 'void List<string>.Add(string item)'. [D:\CIE 206\Project\Car-Agency-Management\Car-Agency-Management.csproj]
D:\CIE 206\Project\Car-Agency-Management\Models\DB.cs(2014,40): warning CS8600: Converting null literal or possible null value to non-nullable type. [D:\CIE 206\Project\Car-Agency-Management\Car-Agency-Management.csproj]
D:\CIE 206\Project\Car-Agency-Management\Models\DB.cs(2038,35): warning CS8601: Possible null reference assignment. [D:\CIE 206\Project\Car-Agency-Management\Car-Agency-Management.csproj]
D:\CIE 206\Project\Car-Agency-Management\Models\DB.cs(2039,33): warning CS8601: Possible null reference assignment. [D:\CIE 206\Project\Car-Agency-Management\Car-Agency-Management.csproj]
D:\CIE 206\Project\Car-Agency-Management\Models\DB.cs(2043,47): warning CS8601: Possible null reference assignment. [D:\CIE 206\Project\Car-Agency-Management\Car-Agency-Management.csproj]
D:\CIE 206\Project\Car-Agency-Management\Models\DB.cs(2044,40): warning CS8601: Possible null reference assignment. [D:\CIE 206\Project\Car-Agency-Management\Car-Agency-Management.csproj]
D:\CIE 206\Project\Car-Agency-Management\Models\DB.cs(2058,20): warning CS8603: Possible null reference return. [D:\CIE 206\Project\Car-Agency-Management\Car-Agency-Management.csproj]
D:\CIE 206\Project\Car-Agency-Management\Models\DB.cs(2093,43): warning CS8601: Possible null reference assignment. [D:\CIE 206\Project\Car-Agency-Management\Car-Agency-Management.csproj]
D:\CIE 206\Project\Car-Agency-Management\Models\DB.cs(2129,60): warning CS8600: Converting null literal or possible null value to non-nullable type. [D:\CIE 206\Project\Car-Agency-Management\Car-Agency-Management.csproj]
D:\CIE 206\Project\Car-Agency-Management\Pages\Shared\_Layout.cshtml(257,10): error CS0103: The name 'media' does not exist in the current context [D:\CIE 206\Project\Car-Agency-Management\Car-Agency-Management.csproj]
    190 Warning(s)
    1 Error(s)

Time Elapsed 00:00:04.35
